<?xml version="1.0" encoding="UTF-8"?>
<testsuite xmlns:xsi="http://www.w3.org/2001/XMLSchema-instance" xsi:noNamespaceSchemaLocation="https://maven.apache.org/surefire/maven-surefire-plugin/xsd/surefire-test-report.xsd" version="3.0.2" name="com.example.houseprice.controller.PricePredictionControllerTest" time="0.737" tests="4" errors="0" skipped="0" failures="0">
  <properties>
[...]
</properties>
  <testcase name="testPredictValidInput" classname="com.example.houseprice.controller.PricePredictionControllerTest" time="0.207">
    <system-out><![CDATA[2025-04-28T13:04:55.820-07:00  INFO 17613 --- [houseprice] [           main] t.c.s.AnnotationConfigContextLoaderUtils : Could not detect default configuration classes for test class [com.example.houseprice.controller.PricePredictionControllerTest]: PricePredictionControllerTest does not declare any static, non-private, non-final, nested classes annotated with @Configuration.
2025-04-28T13:04:55.842-07:00  INFO 17613 --- [houseprice] [           main] .b.t.c.SpringBootTestContextBootstrapper : Found @SpringBootConfiguration com.example.houseprice.HousepriceApplication for test class com.example.houseprice.controller.PricePredictionControllerTest

  .   ____          _            __ _ _
 /\\ / ___'_ __ _ _(_)_ __  __ _ \ \ \ \
( ( )\___ | '_ | '_| | '_ \/ _` | \ \ \ \
 \\/  ___)| |_)| | | | | || (_| |  ) ) ) )
  '  |____| .__|_| |_|_| |_\__, | / / / /
 =========|_|==============|___/=/_/_/_/

 :: Spring Boot ::                (v3.4.4)

2025-04-28T13:04:55.887-07:00  INFO 17613 --- [houseprice] [           main] c.e.h.c.PricePredictionControllerTest    : Starting PricePredictionControllerTest using Java 17.0.15 with PID 17613 (started by tim in /Users/tim/Documents/workspace/java/apps/houseprice-estimation)
2025-04-28T13:04:55.888-07:00  INFO 17613 --- [houseprice] [           main] c.e.h.c.PricePredictionControllerTest    : No active profile set, falling back to 1 default profile: "default"
2025-04-28T13:04:56.112-07:00  INFO 17613 --- [houseprice] [           main] c.e.h.service.PricePredictionService     : RMSE: 10416.148020248533
2025-04-28T13:04:56.276-07:00  INFO 17613 --- [houseprice] [           main] o.s.b.t.m.w.SpringBootMockServletContext : Initializing Spring TestDispatcherServlet ''
2025-04-28T13:04:56.277-07:00  INFO 17613 --- [houseprice] [           main] o.s.t.web.servlet.TestDispatcherServlet  : Initializing Servlet ''
2025-04-28T13:04:56.279-07:00  INFO 17613 --- [houseprice] [           main] o.s.t.web.servlet.TestDispatcherServlet  : Completed initialization in 1 ms
2025-04-28T13:04:56.309-07:00  INFO 17613 --- [houseprice] [           main] c.e.h.c.PricePredictionControllerTest    : Started PricePredictionControllerTest in 0.461 seconds (process running for 5.057)
2025-04-28T13:04:56.314-07:00  INFO 17613 --- [houseprice] [           main] c.e.h.service.PricePredictionService     : Predicting for size=1800.75, bedrooms=3
2025-04-28T13:04:56.315-07:00  INFO 17613 --- [houseprice] [           main] c.e.h.service.PricePredictionService     : Prediction: 273977.51335867355
2025-04-28T13:04:56.392-07:00  INFO 17613 --- [houseprice] [           main] c.e.h.service.PricePredictionService     : Predicting for size=1800.75, bedrooms=3
2025-04-28T13:04:56.392-07:00  INFO 17613 --- [houseprice] [           main] c.e.h.service.PricePredictionService     : Prediction: 273977.51335867355
]]></system-out>
  </testcase>
  <testcase name="testPredictInvalidInputSize" classname="com.example.houseprice.controller.PricePredictionControllerTest" time="0.01">
    <system-out><![CDATA[2025-04-28T13:04:56.524-07:00  INFO 17613 --- [houseprice] [           main] c.e.h.service.PricePredictionService     : Predicting for size=-100.0, bedrooms=3
2025-04-28T13:04:56.524-07:00 ERROR 17613 --- [houseprice] [           main] c.e.h.service.PricePredictionService     : Invalid input: size=-100.0, bedrooms=3
]]></system-out>
  </testcase>
  <testcase name="testGetRmse" classname="com.example.houseprice.controller.PricePredictionControllerTest" time="0.01"/>
  <testcase name="testPredictInvalidInputBedrooms" classname="com.example.houseprice.controller.PricePredictionControllerTest" time="0.007">
    <system-out><![CDATA[2025-04-28T13:04:56.548-07:00  INFO 17613 --- [houseprice] [           main] c.e.h.service.PricePredictionService     : Predicting for size=3000.0, bedrooms=-2
2025-04-28T13:04:56.549-07:00 ERROR 17613 --- [houseprice] [           main] c.e.h.service.PricePredictionService     : Invalid input: size=3000.0, bedrooms=-2
]]></system-out>
  </testcase>
</testsuite>